2025-07-25 19:41:03,069 - __main__ - ERROR - Failed to generate UML image: 400 Client Error: Bad Request for url: http://www.plantuml.com/plantuml/png/cyguSSwqKc3N4XLMyUxOVdC1U3DKT7JS8EjNycnnAjIVdIFCYDmgYKYil0NqXgpQOQA=
2025-07-25 19:41:03,071 - __main__ - ERROR - Error in diagram generation: Failed to generate UML image: 400 Client Error: Bad Request for url: http://www.plantuml.com/plantuml/png/cyguSSwqKc3N4XLMyUxOVdC1U3DKT7JS8EjNycnnAjIVdIFCYDmgYKYil0NqXgpQOQA=
2025-07-25 19:44:08,335 - __main__ - ERROR - Failed to generate UML image: 400 Client Error: Bad Request for url: http://www.plantuml.com/plantuml/png/cyguSSwqKc3N4XLMyUxOVdC1U3DKT7JS8EjNycnnAjIVdIFCYDmgYKYil0NqXgpQOQA=
2025-07-25 19:44:08,335 - __main__ - ERROR - Invalid PlantUML code provided: @startuml
Alice -> Bob: Hello
Bob --> Alice: Hi!
@enduml
2025-07-25 19:44:08,336 - __main__ - ERROR - Error in diagram generation: Failed to generate UML image: Invalid PlantUML syntax. Please check your code (e.g., ensure it starts with '@startuml' and ends with '@enduml').
2025-07-25 19:44:39,367 - __main__ - ERROR - Failed to generate UML image: 400 Client Error: Bad Request for url: http://www.plantuml.com/plantuml/png/cyguSSwqKc3N4XLMyUxOVdC1U3DKT7JS8EjNycnnAjIVdIFCYDmgYKYil0NqXgpQOQA=
2025-07-25 19:44:39,367 - __main__ - ERROR - Invalid PlantUML code provided: @startuml
Alice -> Bob: Hello
Bob --> Alice: Hi!
@enduml
2025-07-25 19:44:39,368 - __main__ - ERROR - Error in diagram generation: Failed to generate UML image: Invalid PlantUML syntax. Please check your code (e.g., ensure it starts with '@startuml' and ends with '@enduml').
2025-07-25 19:45:35,262 - __main__ - ERROR - Failed to generate UML image: 400 Client Error: Bad Request for url: http://www.plantuml.com/plantuml/png/cyguSSwqKc3N4XLMyUxOVdC1U3DKT7JS8EjNycnnAjIVdIFCYDmgYKYil0NqXgpQOQA=
2025-07-25 19:45:35,262 - __main__ - ERROR - Invalid PlantUML code provided: @startuml
Alice -> Bob: Hello
Bob --> Alice: Hi!
@enduml
2025-07-25 19:45:35,263 - __main__ - ERROR - Error in diagram generation: Failed to generate UML image: Invalid PlantUML syntax. Please check your code (e.g., ensure it starts with '@startuml' and ends with '@enduml').

Your code:
@startuml
Alice -> Bob: Hello
Bob --> Alice: Hi!
@enduml
2025-07-25 19:45:56,960 - __main__ - INFO - Successfully generated UML image
2025-07-25 19:45:58,163 - __main__ - INFO - Diagram generated and download link provided
2025-07-25 19:47:18,360 - __main__ - INFO - Successfully generated UML image
2025-07-25 19:47:18,622 - __main__ - INFO - Diagram generated and download link provided
2025-07-25 19:49:54,798 - __main__ - INFO - PlantUML server response: status=200, content-type=image/png, size=96445 bytes
2025-07-25 19:49:55,035 - __main__ - INFO - Diagram generated and download link provided
2025-07-25 19:54:04,401 - __main__ - ERROR - PlantUML execution failed: Error: Unable to access jarfile plantuml.jar

2025-07-25 19:54:04,402 - __main__ - ERROR - Error in diagram generation: Failed to generate UML image: Error: Unable to access jarfile plantuml.jar

2025-07-25 19:54:09,845 - __main__ - ERROR - PlantUML execution failed: Error: Unable to access jarfile plantuml.jar

2025-07-25 19:54:09,846 - __main__ - ERROR - Error in diagram generation: Failed to generate UML image: Error: Unable to access jarfile plantuml.jar

2025-07-25 19:54:11,486 - __main__ - ERROR - PlantUML execution failed: Error: Unable to access jarfile plantuml.jar

2025-07-25 19:54:11,487 - __main__ - ERROR - Error in diagram generation: Failed to generate UML image: Error: Unable to access jarfile plantuml.jar

2025-07-25 19:54:12,565 - __main__ - ERROR - PlantUML execution failed: Error: Unable to access jarfile plantuml.jar

2025-07-25 19:54:12,566 - __main__ - ERROR - Error in diagram generation: Failed to generate UML image: Error: Unable to access jarfile plantuml.jar

